Crashlog created at 2013-07-12 12:36:41 -0400

===== MESSAGE:

SyntaxError: item / (rep default):5: syntax error, unexpected ',', expecting ')'
...t(( link_to ("Enter the site!", symbol_to_item(:overview, :i...
...                               ^
item / (rep default):5: syntax error, unexpected ')', expecting end-of-input
...tem(:overview, :intro)) ).to_s); _erbout.concat "\n\t</p>\n<...
...                               ^

===== COMPILATION STACK:

  (empty)

===== STACK TRACE:

  0. /Users/pitosalas/.rbenv/versions/2.0.0-p195/lib/ruby/2.0.0/erb.rb:849:in `eval'
  1. /Users/pitosalas/.rbenv/versions/2.0.0-p195/lib/ruby/2.0.0/erb.rb:849:in `result'
  2. /Users/pitosalas/.rbenv/versions/2.0.0-p195/lib/ruby/gems/2.0.0/gems/nanoc-3.6.4/lib/nanoc/filters/erb.rb:34:in `run'
  3. /Users/pitosalas/.rbenv/versions/2.0.0-p195/lib/ruby/gems/2.0.0/gems/nanoc-3.6.4/lib/nanoc/base/compilation/filter.rb:122:in `setup_and_run'
  4. /Users/pitosalas/.rbenv/versions/2.0.0-p195/lib/ruby/gems/2.0.0/gems/nanoc-3.6.4/lib/nanoc/base/result_data/item_rep.rb:344:in `filter'
  5. /Users/pitosalas/.rbenv/versions/2.0.0-p195/lib/ruby/gems/2.0.0/gems/nanoc-3.6.4/lib/nanoc/base/compilation/item_rep_proxy.rb:47:in `filter'
  6. /Users/pitosalas/.rbenv/versions/2.0.0-p195/lib/ruby/gems/2.0.0/gems/nanoc-3.6.4/lib/nanoc/base/compilation/rule_context.rb:55:in `filter'
  7. ./Rules:31:in `block (2 levels) in load'
  8. ./Rules:25:in `each'
  9. ./Rules:25:in `block in load'
  10. /Users/pitosalas/.rbenv/versions/2.0.0-p195/lib/ruby/gems/2.0.0/gems/nanoc-3.6.4/lib/nanoc/base/compilation/rule.rb:68:in `instance_eval'
  11. /Users/pitosalas/.rbenv/versions/2.0.0-p195/lib/ruby/gems/2.0.0/gems/nanoc-3.6.4/lib/nanoc/base/compilation/rule.rb:68:in `apply_to'
  12. /Users/pitosalas/.rbenv/versions/2.0.0-p195/lib/ruby/gems/2.0.0/gems/nanoc-3.6.4/lib/nanoc/base/compilation/compiler.rb:384:in `compile_rep'
  13. /Users/pitosalas/.rbenv/versions/2.0.0-p195/lib/ruby/gems/2.0.0/gems/nanoc-3.6.4/lib/nanoc/base/compilation/compiler.rb:340:in `block in compile_reps'
  14. /Users/pitosalas/.rbenv/versions/2.0.0-p195/lib/ruby/gems/2.0.0/gems/nanoc-3.6.4/lib/nanoc/base/compilation/compiler.rb:333:in `loop'
  15. /Users/pitosalas/.rbenv/versions/2.0.0-p195/lib/ruby/gems/2.0.0/gems/nanoc-3.6.4/lib/nanoc/base/compilation/compiler.rb:333:in `compile_reps'
  16. /Users/pitosalas/.rbenv/versions/2.0.0-p195/lib/ruby/gems/2.0.0/gems/nanoc-3.6.4/lib/nanoc/base/compilation/compiler.rb:89:in `run'
  17. /Users/pitosalas/.rbenv/versions/2.0.0-p195/lib/ruby/gems/2.0.0/gems/nanoc-3.6.4/lib/nanoc/base/source_data/site.rb:58:in `compile'
  18. /Users/pitosalas/.rbenv/versions/2.0.0-p195/lib/ruby/gems/2.0.0/gems/guard-nanoc-1.0.1/lib/guard/nanoc.rb:65:in `block in recompile'
  19. /Users/pitosalas/.rbenv/versions/2.0.0-p195/lib/ruby/gems/2.0.0/gems/guard-nanoc-1.0.1/lib/guard/nanoc.rb:63:in `chdir'
  20. /Users/pitosalas/.rbenv/versions/2.0.0-p195/lib/ruby/gems/2.0.0/gems/guard-nanoc-1.0.1/lib/guard/nanoc.rb:63:in `recompile'
  21. /Users/pitosalas/.rbenv/versions/2.0.0-p195/lib/ruby/gems/2.0.0/gems/guard-nanoc-1.0.1/lib/guard/nanoc.rb:28:in `run_on_changes'
  22. /Users/pitosalas/.rbenv/versions/2.0.0-p195/lib/ruby/gems/2.0.0/gems/guard-1.8.1/lib/guard/runner.rb:99:in `block in run_supervised_task'
  23. /Users/pitosalas/.rbenv/versions/2.0.0-p195/lib/ruby/gems/2.0.0/gems/guard-1.8.1/lib/guard/runner.rb:97:in `catch'
  24. /Users/pitosalas/.rbenv/versions/2.0.0-p195/lib/ruby/gems/2.0.0/gems/guard-1.8.1/lib/guard/runner.rb:97:in `run_supervised_task'
  25. /Users/pitosalas/.rbenv/versions/2.0.0-p195/lib/ruby/gems/2.0.0/gems/guard-1.8.1/lib/guard/runner.rb:144:in `block in run_first_task_found'
  26. /Users/pitosalas/.rbenv/versions/2.0.0-p195/lib/ruby/gems/2.0.0/gems/guard-1.8.1/lib/guard/runner.rb:142:in `each'
  27. /Users/pitosalas/.rbenv/versions/2.0.0-p195/lib/ruby/gems/2.0.0/gems/guard-1.8.1/lib/guard/runner.rb:142:in `run_first_task_found'
  28. /Users/pitosalas/.rbenv/versions/2.0.0-p195/lib/ruby/gems/2.0.0/gems/guard-1.8.1/lib/guard/runner.rb:79:in `block in run_on_changes'
  29. /Users/pitosalas/.rbenv/versions/2.0.0-p195/lib/ruby/gems/2.0.0/gems/guard-1.8.1/lib/guard/runner.rb:175:in `block (3 levels) in scoped_guards'
  30. /Users/pitosalas/.rbenv/versions/2.0.0-p195/lib/ruby/gems/2.0.0/gems/guard-1.8.1/lib/guard/runner.rb:173:in `each'
  31. /Users/pitosalas/.rbenv/versions/2.0.0-p195/lib/ruby/gems/2.0.0/gems/guard-1.8.1/lib/guard/runner.rb:173:in `block (2 levels) in scoped_guards'
  32. /Users/pitosalas/.rbenv/versions/2.0.0-p195/lib/ruby/gems/2.0.0/gems/guard-1.8.1/lib/guard/runner.rb:172:in `catch'
  33. /Users/pitosalas/.rbenv/versions/2.0.0-p195/lib/ruby/gems/2.0.0/gems/guard-1.8.1/lib/guard/runner.rb:172:in `block in scoped_guards'
  34. /Users/pitosalas/.rbenv/versions/2.0.0-p195/lib/ruby/gems/2.0.0/gems/guard-1.8.1/lib/guard/runner.rb:170:in `each'
  35. /Users/pitosalas/.rbenv/versions/2.0.0-p195/lib/ruby/gems/2.0.0/gems/guard-1.8.1/lib/guard/runner.rb:170:in `scoped_guards'
  36. /Users/pitosalas/.rbenv/versions/2.0.0-p195/lib/ruby/gems/2.0.0/gems/guard-1.8.1/lib/guard/runner.rb:72:in `run_on_changes'
  37. /Users/pitosalas/.rbenv/versions/2.0.0-p195/lib/ruby/gems/2.0.0/gems/guard-1.8.1/lib/guard.rb:105:in `block (2 levels) in setup_listener'
  38. /Users/pitosalas/.rbenv/versions/2.0.0-p195/lib/ruby/gems/2.0.0/gems/guard-1.8.1/lib/guard.rb:368:in `block in within_preserved_state'
  39. /Users/pitosalas/.rbenv/versions/2.0.0-p195/lib/ruby/gems/2.0.0/gems/guard-1.8.1/lib/guard.rb:365:in `synchronize'
  40. /Users/pitosalas/.rbenv/versions/2.0.0-p195/lib/ruby/gems/2.0.0/gems/guard-1.8.1/lib/guard.rb:365:in `within_preserved_state'
  41. /Users/pitosalas/.rbenv/versions/2.0.0-p195/lib/ruby/gems/2.0.0/gems/guard-1.8.1/lib/guard.rb:104:in `block in setup_listener'
  42. /Users/pitosalas/.rbenv/versions/2.0.0-p195/lib/ruby/gems/2.0.0/gems/listen-1.2.2/lib/listen/listener.rb:252:in `call'
  43. /Users/pitosalas/.rbenv/versions/2.0.0-p195/lib/ruby/gems/2.0.0/gems/listen-1.2.2/lib/listen/listener.rb:252:in `on_change'
  44. /Users/pitosalas/.rbenv/versions/2.0.0-p195/lib/ruby/gems/2.0.0/gems/listen-1.2.2/lib/listen/listener.rb:287:in `block in initialize_adapter'
  45. /Users/pitosalas/.rbenv/versions/2.0.0-p195/lib/ruby/gems/2.0.0/gems/listen-1.2.2/lib/listen/adapter.rb:252:in `call'
  46. /Users/pitosalas/.rbenv/versions/2.0.0-p195/lib/ruby/gems/2.0.0/gems/listen-1.2.2/lib/listen/adapter.rb:252:in `report_changes'
  47. /Users/pitosalas/.rbenv/versions/2.0.0-p195/lib/ruby/gems/2.0.0/gems/listen-1.2.2/lib/listen/adapter.rb:321:in `poll_changed_directories'
  ... 50 more lines omitted. See full crash log for details.

===== VERSION INFORMATION:

nanoc 3.6.4 © 2007-2013 Denis Defreyne.
Running ruby 2.0.0 (2013-05-14) on x86_64-darwin12.4.0 with RubyGems 2.0.2.

===== SYSTEM INFORMATION:

Darwin monster-6.local 12.4.0 Darwin Kernel Version 12.4.0: Wed May  1 17:57:12 PDT 2013; root:xnu-2050.24.15~1/RELEASE_X86_64 x86_64

===== INSTALLED GEMS:

  actionmailer 3.2.13
  actionpack 3.2.13
  activemodel 3.2.13
  activerecord 3.2.13
  activeresource 3.2.13
  activesupport 3.2.12, 3.2.13
  addressable 2.3.4
  adsf 1.1.1
  american_date 1.1.0
  arel 3.0.2
  awesome_print 1.1.0
  bcrypt-ruby 3.0.1
  better_errors 0.8.0, 0.9.0
  bigdecimal 1.2.0
  binding_of_caller 0.7.1, 0.7.2
  bootstrap-will_paginate 0.0.9
  builder 3.0.4
  bundler 1.3.5
  cancan 1.6.10
  capybara 2.1.0
  chunky_png 1.2.8
  classifier 1.3.3
  coderay 1.0.9
  coffee-rails 3.2.2
  coffee-script 2.2.0
  coffee-script-source 1.6.2
  colorator 0.1
  colored 1.2
  columnize 0.3.6
  commander 4.1.3
  compass 0.12.2
  cri 2.3.0
  database_cleaner 0.9.1, 1.0.1
  debug_inspector 0.0.2
  debugger 1.6.0
  debugger-linecache 1.2.0
  debugger-ruby_core_source 1.2.0, 1.2.2
  devise 2.2.4
  diff-lcs 1.2.4
  directory_watcher 1.4.1
  em-websocket 0.5.0
  erubis 2.7.0
  eventmachine 1.0.3
  execjs 1.4.0
  factory_girl 4.2.0
  factory_girl_rails 4.2.1
  faker 1.1.2
  fast-stemmer 1.0.2
  ffi 1.9.0
  formatador 0.2.4
  fssm 0.2.10
  guard 1.8.1
  guard-nanoc 1.0.1
  haml 4.0.3
  highline 1.6.19
  hike 1.2.2, 1.2.3
  hirb 0.7.1
  http_parser.rb 0.5.3
  httparty 0.11.0
  i18n 0.6.1, 0.6.4
  io-console 0.4.2
  jekyll 1.0.3
  journey 1.0.4
  jquery-rails 3.0.1
  jsmin 1.0.1
  json 1.7.7, 1.8.0
  kramdown 1.0.2
  launchy 2.3.0
  liquid 2.5.0
  listen 1.2.2
  lumberjack 1.0.4
  mail 2.5.3, 2.5.4
  maruku 0.6.1
  method_source 0.8.1
  middleman 3.1.2
  middleman-core 3.1.2
  middleman-livereload 3.1.0
  middleman-more 3.1.2
  middleman-sprockets 3.1.2
  mime-types 1.23
  mini_portile 0.5.0
  minitest 4.3.2
  multi_json 1.7.3, 1.7.7
  multi_xml 0.5.4
  nanoc 3.6.4
  nanoc-toolbox 0.1.3
  nokogiri 1.5.9, 1.6.0
  orm_adapter 0.4.0
  polyglot 0.3.3
  posix-spawn 0.3.6
  pry 0.9.12.2
  pry-debugger 0.2.2
  pry-rails 0.3.1
  pry-stack_explorer 0.4.9
  psych 2.0.0
  pygments.rb 0.5.1
  rack 1.4.5, 1.5.2
  rack-cache 1.2
  rack-livereload 0.3.15
  rack-ssl 1.3.3
  rack-test 0.6.2
  rails 3.2.13
  railties 3.2.13
  rake 0.9.6, 10.0.4, 10.1.0
  rb-fsevent 0.9.3
  rb-inotify 0.9.0
  rb-kqueue 0.2.0
  rdoc 3.12.2, 4.0.0
  role_model 0.8.1
  rspec-core 2.13.1
  rspec-expectations 2.13.0
  rspec-mocks 2.13.1
  rspec-rails 2.13.2
  safe_yaml 0.7.1
  sass 3.2.9
  sass-rails 3.2.6
  seed_dumper 0.1.3
  slop 3.4.5
  sprockets 2.2.2, 2.10.0
  sprockets-helpers 1.0.1
  sprockets-sass 1.0.1
  sqlite3 1.3.7
  syntax 1.0.0
  test-unit 2.0.0.0
  thor 0.18.1
  tilt 1.3.7, 1.4.1
  treetop 1.4.12, 1.4.14
  tzinfo 0.3.37
  uglifier 2.1.1
  values 1.5.0
  warden 1.2.1
  will_paginate 3.0.4
  xpath 2.0.0
  yajl-ruby 1.1.0
  zeus 0.13.3

===== ENVIRONMENT:

Apple_PubSub_Socket_Render => "/tmp/launch-rrPHJG/Render"
Apple_Ubiquity_Message => "/tmp/launch-cznKmS/Apple_Ubiquity_Message"
COLORFGBG => "7;0"
COMMAND_MODE => "unix2003"
DISPLAY => "/tmp/launch-dcy7dH/org.macosforge.xquartz:0"
EDITOR => "subl -w"
GUARD_NOTIFICATIONS => "---\n- :name: :terminal_title\n  :options: {}\n"
GUARD_NOTIFY => "true"
HOME => "/Users/pitosalas"
ITERM_PROFILE => "Default"
ITERM_SESSION_ID => "w0t1p0"
LANG => "en_US.UTF-8"
LOGNAME => "pitosalas"
PATH => "/Users/pitosalas/.rbenv/versions/2.0.0-p195/bin:/usr/local/Cellar/rbenv/0.4.0/libexec:/Users/pitosalas/.rbenv/shims:/usr/local/bin:/usr/bin:/bin:/usr/local/sbin:/usr/sbin:/sbin:/usr/X11/bin"
PWD => "/mydev/course"
RBENV_DIR => "/mydev/course"
RBENV_HOOK_PATH => ":/Users/pitosalas/.rbenv/rbenv.d:/usr/local/etc/rbenv.d:/etc/rbenv.d:/usr/lib/rbenv/hooks"
RBENV_ROOT => "/Users/pitosalas/.rbenv"
RBENV_VERSION => "2.0.0-p195"
SHELL => "/bin/bash"
SHLVL => "1"
SSH_AUTH_SOCK => "/tmp/launch-uvdXQl/Listeners"
TERM => "xterm-256color"
TERM_PROGRAM => "iTerm.app"
TMPDIR => "/var/folders/6m/_lcczn1s51x623pwfg7xvhxm0000gn/T/"
USER => "pitosalas"
__CF_USER_TEXT_ENCODING => "0x1F5:0:0"

===== GEMFILE.LOCK:

GEM
  remote: https://rubygems.org/
  specs:
    adsf (1.1.1)
      rack (>= 1.0.0)
    awesome_print (1.1.0)
    coderay (1.0.9)
    colored (1.2)
    columnize (0.3.6)
    cri (2.3.0)
      colored (>= 1.2)
    debugger (1.6.0)
      columnize (>= 0.3.1)
      debugger-linecache (~> 1.2.0)
      debugger-ruby_core_source (~> 1.2.1)
    debugger-linecache (1.2.0)
    debugger-ruby_core_source (1.2.2)
    ffi (1.9.0)
    formatador (0.2.4)
    guard (1.8.1)
      formatador (>= 0.2.4)
      listen (>= 1.0.0)
      lumberjack (>= 1.0.2)
      pry (>= 0.9.10)
      thor (>= 0.14.6)
    guard-nanoc (1.0.1)
      guard (>= 1.8.0)
      nanoc (>= 3.6.3)
    jsmin (1.0.1)
    kramdown (1.0.2)
    listen (1.2.2)
      rb-fsevent (>= 0.9.3)
      rb-inotify (>= 0.9)
      rb-kqueue (>= 0.2)
    lumberjack (1.0.4)
    method_source (0.8.1)
    mini_portile (0.5.0)
    nanoc (3.6.4)
      cri (~> 2.3)
    nanoc-toolbox (0.1.3)
      jsmin (~> 1.0)
      nanoc (~> 3.6)
      nokogiri (~> 1.6)
    nokogiri (1.6.0)
      mini_portile (~> 0.5.0)
    pry (0.9.12.2)
      coderay (~> 1.0.5)
      method_source (~> 0.8)
      slop (~> 3.4)
    pry-debugger (0.2.2)
      debugger (~> 1.3)
      pry (~> 0.9.10)
    rack (1.5.2)
    rb-fsevent (0.9.3)
    rb-inotify (0.9.0)
      ffi (>= 0.5.0)
    rb-kqueue (0.2.0)
      ffi (>= 0.5.0)
    slop (3.4.5)
    thor (0.18.1)

PLATFORMS
  ruby

DEPENDENCIES
  adsf
  awesome_print
  guard-nanoc
  kramdown
  nanoc
  nanoc-toolbox
  pry
  pry-debugger

===== LOAD PATHS:

  0. /Users/pitosalas/.rbenv/versions/2.0.0-p195/lib/ruby/gems/2.0.0/gems/thor-0.18.1/lib
  1. /Users/pitosalas/.rbenv/versions/2.0.0-p195/lib/ruby/gems/2.0.0/gems/rb-fsevent-0.9.3/lib
  2. /Users/pitosalas/.rbenv/versions/2.0.0-p195/lib/ruby/gems/2.0.0/gems/ffi-1.9.0/lib
  3. /Users/pitosalas/.rbenv/versions/2.0.0-p195/lib/ruby/gems/2.0.0/gems/ffi-1.9.0/ext/ffi_c
  4. /Users/pitosalas/.rbenv/versions/2.0.0-p195/lib/ruby/gems/2.0.0/gems/rb-inotify-0.9.0/lib
  5. /Users/pitosalas/.rbenv/versions/2.0.0-p195/lib/ruby/gems/2.0.0/gems/rb-kqueue-0.2.0/lib
  6. /Users/pitosalas/.rbenv/versions/2.0.0-p195/lib/ruby/gems/2.0.0/gems/listen-1.2.2/lib
  7. /Users/pitosalas/.rbenv/versions/2.0.0-p195/lib/ruby/gems/2.0.0/gems/coderay-1.0.9/lib
  8. /Users/pitosalas/.rbenv/versions/2.0.0-p195/lib/ruby/gems/2.0.0/gems/slop-3.4.5/lib
  9. /Users/pitosalas/.rbenv/versions/2.0.0-p195/lib/ruby/gems/2.0.0/gems/method_source-0.8.1/lib
  10. /Users/pitosalas/.rbenv/versions/2.0.0-p195/lib/ruby/gems/2.0.0/gems/pry-0.9.12.2/lib
  11. /Users/pitosalas/.rbenv/versions/2.0.0-p195/lib/ruby/gems/2.0.0/gems/lumberjack-1.0.4/lib
  12. /Users/pitosalas/.rbenv/versions/2.0.0-p195/lib/ruby/gems/2.0.0/gems/formatador-0.2.4/lib
  13. /Users/pitosalas/.rbenv/versions/2.0.0-p195/lib/ruby/gems/2.0.0/gems/guard-1.8.1/lib
  14. /Users/pitosalas/.rbenv/versions/2.0.0-p195/lib/ruby/gems/2.0.0/gems/columnize-0.3.6/lib
  15. /Users/pitosalas/.rbenv/versions/2.0.0-p195/lib/ruby/gems/2.0.0/gems/debugger-ruby_core_source-1.2.2/lib
  16. /Users/pitosalas/.rbenv/versions/2.0.0-p195/lib/ruby/gems/2.0.0/gems/debugger-linecache-1.2.0/lib
  17. /Users/pitosalas/.rbenv/versions/2.0.0-p195/lib/ruby/gems/2.0.0/gems/debugger-1.6.0/lib
  18. /Users/pitosalas/.rbenv/versions/2.0.0-p195/lib/ruby/gems/2.0.0/gems/pry-debugger-0.2.2/lib
  19. /Users/pitosalas/.rbenv/versions/2.0.0-p195/lib/ruby/gems/2.0.0/gems/colored-1.2/lib
  20. /Users/pitosalas/.rbenv/versions/2.0.0-p195/lib/ruby/gems/2.0.0/gems/cri-2.3.0/lib
  21. /Users/pitosalas/.rbenv/versions/2.0.0-p195/lib/ruby/gems/2.0.0/gems/nanoc-3.6.4/lib
  22. /Users/pitosalas/.rbenv/versions/2.0.0-p195/lib/ruby/gems/2.0.0/gems/guard-nanoc-1.0.1/lib
  23. /Users/pitosalas/.rbenv/versions/2.0.0-p195/lib/ruby/gems/2.0.0/gems/awesome_print-1.1.0/lib
  24. /Users/pitosalas/.rbenv/versions/2.0.0-p195/lib/ruby/gems/2.0.0/gems/mini_portile-0.5.0/lib
  25. /Users/pitosalas/.rbenv/versions/2.0.0-p195/lib/ruby/gems/2.0.0/gems/nokogiri-1.6.0/lib
  26. /Users/pitosalas/.rbenv/versions/2.0.0-p195/lib/ruby/gems/2.0.0/gems/jsmin-1.0.1/lib
  27. /Users/pitosalas/.rbenv/versions/2.0.0-p195/lib/ruby/gems/2.0.0/gems/nanoc-toolbox-0.1.3/lib
  28. /Users/pitosalas/.rbenv/versions/2.0.0-p195/lib/ruby/gems/2.0.0/gems/kramdown-1.0.2/lib
  29. /Users/pitosalas/.rbenv/versions/2.0.0-p195/lib/ruby/site_ruby/2.0.0
  30. /Users/pitosalas/.rbenv/versions/2.0.0-p195/lib/ruby/site_ruby/2.0.0/x86_64-darwin12.4.0
  31. /Users/pitosalas/.rbenv/versions/2.0.0-p195/lib/ruby/site_ruby
  32. /Users/pitosalas/.rbenv/versions/2.0.0-p195/lib/ruby/vendor_ruby/2.0.0
  33. /Users/pitosalas/.rbenv/versions/2.0.0-p195/lib/ruby/vendor_ruby/2.0.0/x86_64-darwin12.4.0
  34. /Users/pitosalas/.rbenv/versions/2.0.0-p195/lib/ruby/vendor_ruby
  35. /Users/pitosalas/.rbenv/versions/2.0.0-p195/lib/ruby/2.0.0
  36. /Users/pitosalas/.rbenv/versions/2.0.0-p195/lib/ruby/2.0.0/x86_64-darwin12.4.0
